<?xml version="1.0" encoding="UTF-8"?>
<!-- Generated by org.testng.reporters.JUnitReportReporter -->
<testsuite hostname="Tizen-PC" name="com.example.tests.AddContactTests" tests="1" failures="0" timestamp="16 Mar 2014 09:18:27 GMT" time="4.093" errors="0">
  <testcase name="testNonEmptyContactCreation" time="4.093" classname="com.example.tests.AddContactTests"/>
</testsuite> <!-- com.example.tests.AddContactTests -->
