<?xml version="1.0" encoding="UTF-8"?>
<!-- Generated by org.testng.reporters.JUnitReportReporter -->
<testsuite hostname="Tizen-PC" name="com.example.tests.GroupCreationTests" tests="2" failures="0" timestamp="4 Mar 2014 13:24:42 GMT" time="3.580" errors="0">
  <testcase name="testEmptyGroupCreation" time="2.150" classname="com.example.tests.GroupCreationTests"/>
  <testcase name="testNonEmptyGroupCreation" time="1.430" classname="com.example.tests.GroupCreationTests"/>
</testsuite> <!-- com.example.tests.GroupCreationTests -->
