<?xml version="1.0" encoding="UTF-8"?>
<!-- Generated by org.testng.reporters.JUnitReportReporter -->
<testsuite hostname="Tizen-PC" name="com.example.tests.GroupCreationTests" tests="2" failures="0" timestamp="16 Mar 2014 11:30:36 GMT" time="3.786" errors="0">
  <testcase name="testEmptyGroupCreation" time="2.237" classname="com.example.tests.GroupCreationTests"/>
  <testcase name="testNonEmptyGroupCreation" time="1.549" classname="com.example.tests.GroupCreationTests"/>
</testsuite> <!-- com.example.tests.GroupCreationTests -->
