<?xml version="1.0" encoding="UTF-8"?>
<!-- Generated by org.testng.reporters.JUnitReportReporter -->
<testsuite hostname="Tizen-PC" name="com.example.tests.GroupRemovalTests" tests="1" failures="0" timestamp="16 Mar 2014 12:52:20 GMT" time="1.708" errors="0">
  <testcase name="deleteSomeGroup" time="1.708" classname="com.example.tests.GroupRemovalTests"/>
</testsuite> <!-- com.example.tests.GroupRemovalTests -->
