<?xml version="1.0" encoding="UTF-8"?>
<!-- Generated by org.testng.reporters.JUnitReportReporter -->
<testsuite hostname="Tizen-PC" name="com.example.tests.GroupCreationTests" tests="2" failures="0" timestamp="16 Mar 2014 09:14:54 GMT" time="3.776" errors="0">
  <testcase name="testNonEmptyGroupCreation" time="1.510" classname="com.example.tests.GroupCreationTests"/>
  <testcase name="testEmptyGroupCreation" time="2.266" classname="com.example.tests.GroupCreationTests"/>
</testsuite> <!-- com.example.tests.GroupCreationTests -->
