<?xml version="1.0" encoding="UTF-8"?>
<!-- Generated by org.testng.reporters.JUnitReportReporter -->
<testsuite hostname="Tizen-PC" name="com.example.tests.GroupModificationTests" tests="1" failures="0" timestamp="16 Mar 2014 12:47:19 GMT" time="1.967" errors="0">
  <testcase name="modifySomeGroup" time="1.967" classname="com.example.tests.GroupModificationTests"/>
</testsuite> <!-- com.example.tests.GroupModificationTests -->
