<?xml version="1.0" encoding="UTF-8"?>
<!-- Generated by org.testng.reporters.JUnitReportReporter -->
<testsuite hostname="spb-EAbramova" name="com.example.tests.AlsoGroupCreationTests" tests="2" failures="0" timestamp="2 Mar 2014 11:34:52 GMT" time="2.582" errors="0">
  <testcase name="testEmptyGroupCreation" time="1.292" classname="com.example.tests.AlsoGroupCreationTests"/>
  <testcase name="testNonEmptyGroupCreation" time="1.290" classname="com.example.tests.AlsoGroupCreationTests"/>
</testsuite> <!-- com.example.tests.AlsoGroupCreationTests -->
