<?xml version="1.0" encoding="UTF-8"?>
<!-- Generated by org.testng.reporters.JUnitReportReporter -->
<testsuite hostname="Tizen-PC" name="com.example.tests.AlsoGroupCreationTests" tests="2" failures="0" timestamp="16 Mar 2014 09:14:54 GMT" time="2.804" errors="0">
  <testcase name="testNonEmptyGroupCreation" time="1.429" classname="com.example.tests.AlsoGroupCreationTests"/>
  <testcase name="testEmptyGroupCreation" time="1.375" classname="com.example.tests.AlsoGroupCreationTests"/>
</testsuite> <!-- com.example.tests.AlsoGroupCreationTests -->
